SCUBA, Version Diamond_2.2_Production (99)
Wed May 21 17:15:50 2014
  
Copyright (c) 1991-1994 by NeoCAD Inc. All rights reserved.
Copyright (c) 1995 AT&T Corp.   All rights reserved.
Copyright (c) 1995-2001 Lucent Technologies Inc.  All rights reserved.
Copyright (c) 2001 Agere Systems   All rights reserved.
Copyright (c) 2002-2013 Lattice Semiconductor Corporation,  All rights reserved.
  
BEGIN SCUBA Module Synthesis
  
    Issued command   : C:\lscc\diamond\2.2_x64\ispfpga\bin\nt64\scuba.exe -w -n afifo18 -lang verilog -synth synplify -bus_exp 7 -bb -arch ep5c00 -type fifodc -addr_width 11 -data_width 18 -num_words 2048 -rdata_width 18 -no_enable -pe -1 -pf -1 -e 
    Circuit name     : afifo18
    Module type      : ebfifo
    Module Version   : 5.5
    Ports            : 
    Inputs       : Data[17:0], WrClock, RdClock, WrEn, RdEn, Reset, RPReset
    Outputs      : Q[17:0], Empty, Full
    I/O buffer       : not inserted
    EDIF output      : suppressed
    Verilog output   : afifo18.v
    Verilog template : afifo18_tmpl.v
    Verilog testbench: tb_afifo18_tmpl.v
    Verilog purpose  : for synthesis and simulation
    Bus notation     : big endian
    Report output    : afifo18.srp
    Estimated Resource Usage:
            LUT : 117
            EBR : 2
            Reg : 122
  
END   SCUBA Module Synthesis

