/usr/local/diamond/1.4/synpbase/bin/c_ver  -prodtype  synplify_pro  -osyn  /home/sora/work/ethout/Implementation/impl1/synwork/top_impl1_compiler.srs  -top  top  -dspmac -fixsmult -infer_seqShift -nram -divnmod -I /home/sora/work/ethout/Implementation  -I /home/sora/work/ethout/Implementation/impl1/  -I /usr/local/diamond/1.4/synpbase/lib  -v2001  -devicelib  /usr/local/diamond/1.4/synpbase/lib/lucent/ecp3.v  -encrypt  -pro  -dmgen  /home/sora/work/ethout/Implementation/impl1/dm  -ll 2000 -compiler_compatible  -ui -fid2 -ram -sharing on  -autosm -D_MULTIPLE_FILE_COMPILATION_UNIT_ -lib work /usr/local/diamond/1.4/cae_library/synthesis/verilog/ecp3.v -lib work /home/sora/work/ethout/source/wb_tlc/sync_logic.v -lib work /home/sora/work/ethout/source/wb_tlc/async_pkt_fifo.v -lib work /home/sora/work/ethout/source/wb_tlc/wb_tlc_cpld_fifo.v -lib work /home/sora/work/ethout/source/wb_tlc/wb_tlc_cpld.v -lib work /home/sora/work/ethout/source/wb_tlc/wb_intf.v -lib work /home/sora/work/ethout/source/wb_tlc/wb_tlc_cr.v -lib work /home/sora/work/ethout/source/wb_tlc/wb_tlc_req_fifo.v -lib work /home/sora/work/ethout/source/wb_tlc/wb_tlc_dec.v -lib work /home/sora/work/ethout/source/wb_tlc/wb_tlc.v -lib work /home/sora/work/ethout/source/ip_tx_arbiter.v -lib work /home/sora/work/ethout/source/ip_crpr_arb.v -lib work /home/sora/work/ethout/source/ip_rx_crpr.v -lib work /home/sora/work/ethout/source/ecp3/pcie_top.v -lib work /home/sora/work/ethout/source/ecp3/pciwb_top.v -lib work /home/sora/work/ethout/source/ipexpress/ecp3/pciex1/pcie_bb.v -lib work /home/sora/work/ethout/source/ipexpress/ecp3/pciex1/pcie_eval/models/ecp3/pcs_pipe_bb.v -lib work /home/sora/work/ethout/Source/pmi_ram_dp.v -lib work /home/sora/work/ethout/Source/ipexpress/ecp3/ram_dp_true/ram_dp_true.v -lib work /home/sora/work/ethout/Implementation/pll.v -loga  /home/sora/work/ethout/Implementation/impl1/top_impl1.srf 
rc:0 success:1
/home/sora/work/ethout/Implementation/impl1/synwork/top_impl1_compiler.srs|o|1358360629|195544
/usr/local/diamond/1.4/synpbase/lib/lucent/ecp3.v|i|1332173717|117640
/usr/local/diamond/1.4/cae_library/synthesis/verilog/ecp3.v|i|1332173713|117640
/home/sora/work/ethout/source/wb_tlc/sync_logic.v|i|1357651164|3727
/home/sora/work/ethout/source/wb_tlc/async_pkt_fifo.v|i|1357651164|2862
/home/sora/work/ethout/source/wb_tlc/wb_tlc_cpld_fifo.v|i|1357651164|4639
/home/sora/work/ethout/source/wb_tlc/wb_tlc_cpld.v|i|1357651164|4563
/home/sora/work/ethout/source/wb_tlc/wb_intf.v|i|1357651164|6145
/home/sora/work/ethout/source/wb_tlc/wb_tlc_cr.v|i|1357651164|1116
/home/sora/work/ethout/source/wb_tlc/wb_tlc_req_fifo.v|i|1357651164|2592
/home/sora/work/ethout/source/wb_tlc/wb_tlc_dec.v|i|1357651164|2803
/home/sora/work/ethout/source/wb_tlc/wb_tlc.v|i|1357651164|5465
/home/sora/work/ethout/source/ip_tx_arbiter.v|i|1357651164|3620
/home/sora/work/ethout/source/ip_crpr_arb.v|i|1357651164|2962
/home/sora/work/ethout/source/ip_rx_crpr.v|i|1357651164|3823
/home/sora/work/ethout/source/ecp3/pcie_top.v|i|1357651164|17269
/home/sora/work/ethout/source/ecp3/pciwb_top.v|i|1358360625|16770
/home/sora/work/ethout/source/ipexpress/ecp3/pciex1/pcie_bb.v|i|1357651164|9855
/home/sora/work/ethout/source/ipexpress/ecp3/pciex1/pcie_eval/models/ecp3/pcs_pipe_bb.v|i|1357651164|2685
/home/sora/work/ethout/Source/pmi_ram_dp.v|i|1357651164|16162
/home/sora/work/ethout/Source/ipexpress/ecp3/ram_dp_true/ram_dp_true.v|i|1357655510|24494
/home/sora/work/ethout/Implementation/pll.v|i|1357747034|2435
/home/sora/work/ethout/Implementation/impl1/top_impl1.srf|o|1358360629|16756
/usr/local/diamond/1.4/synpbase/bin/c_ver|i|1332173714|365
/usr/local/diamond/1.4/synpbase/linux/c_ver|i|1332173724|5436804
