Running in Lattice mode


Starting:    /usr/local/diamond/1.4/synpbase/linux/mbin/synbatch
Install:     /usr/local/diamond/1.4/synpbase
Date:        Thu Jan 17 03:23:49 2013
Version:     F-2011.09L

Arguments:   -product synplify_pro  -batch top_impl1_synplify.tcl
ProductType: synplify_pro






log file: "/home/sora/work/ethout/Implementation/impl1/top_impl1.srf"


Running proj_1|impl1

Running Compile on proj_1|impl1

Running Compile Process on proj_1|impl1

Running Compile Input on proj_1|impl1

compiler Completed
Return Code: 0

Run Time:00h:00m:01s

Copied /home/sora/work/ethout/Implementation/impl1/synwork/top_impl1_compiler.srs to /home/sora/work/ethout/Implementation/impl1/top_impl1.srl

Copied /home/sora/work/ethout/Implementation/impl1/synwork/top_impl1_compiler.srs to /home/sora/work/ethout/Implementation/impl1/top_impl1.srs

Job flow Compile Process completed on proj_1|impl1


Running Premap on proj_1|impl1

premap Completed with warnings
Return Code: 1

Run Time:00h:00m:00s

Job flow Compile completed on proj_1|impl1


Running Map on proj_1|impl1

Running Map & Optimize on proj_1|impl1

fpga_mapper Completed with warnings
Return Code: 1

Run Time:00h:00m:04s

Job flow Map completed on proj_1|impl1


Job flow Logic Synthesis completed on proj_1|impl1


Job flow proj_1|rev_1 completed on proj_1|rev_1


TCL script complete: "top_impl1_synplify.tcl"

exit status=0


